3.7402344
3.6835938
3.6582031
3.7441406
3.6054688
3.5859375
3.5957031
3.53125
3.4589844
3.4511719
3.4550781
3.2519531
3.4960938
3.3496094
3.1328125
3.421875
3.4179688
3.3652344
3.1660156
3.3222656
3.0761719
3.1855469
3.296875
3.0644531
3.2578125
3.2558594
3.2597656
3.0996094
3.0957031
3.3261719
3.0644531
2.9765625
3.0605469
3.0898438
3.1132812
3.0019531
2.9335938
3.1035156
2.9199219
2.90625
2.953125
2.7597656
2.7441406
3.0253906
3.0234375
2.9433594
2.7128906
2.9570312
2.78125
2.8222656
2.7246094
2.53125
2.7617188
2.6621094
2.5371094
3.0234375
2.5546875
2.453125
2.4726562
2.6699219
2.5839844
2.7246094
2.7871094
2.6835938
2.7753906
2.5078125
2.3652344
2.5390625
2.5957031
2.5253906
2.5664062
2.3925781
2.4199219
2.4707031
2.6777344
2.2011719
2.2714844
2.3984375
2.3398438
2.6308594
2.3105469
2.578125
2.5292969
2.3085938
2.5507812
2.140625
2.1699219
2.4746094
2.2617188
2.2109375
2.2304688
2.4160156
2.4902344
2.5976562
2.3046875
2.4003906
2.46875
2.3457031
2.3378906
2.6328125
2.3242188
2.2402344
2.2929688
2.4335938
2.2226562
2.2109375
2.5292969
2.1640625
2.2246094
2.2675781
2.1914062
2.171875
2.1171875
2.1992188
2.2636719
2.1113281
2.140625
2.0507812
2.0449219
2.1074219
2.125
2.3105469
2.0878906
2.0800781
1.9443359
2.3261719
2.1992188
1.921875
1.8564453
1.8095703
2.1347656
1.9150391
2.0683594
2.2070312
1.8710938
2.1230469
1.8134766
1.9833984
2.0175781
1.7832031
1.8662109
2.1074219
1.9052734
1.8632812
1.8251953
2.1484375
1.6904297
1.9921875
2.0898438
2.3320312
1.7919922
2.0
2.1679688
2.25
2.3378906
1.9179688
2.0097656
1.9130859
1.9599609
2.1757812
1.9912109
1.9951172
1.9042969
2.015625
1.9941406
2.0175781
2.0390625
1.9912109
1.8681641
1.8291016
1.8925781
1.9453125
1.8007812
1.8994141
1.9912109
1.8007812
1.8222656
2.1601562
1.7880859
1.9970703
1.8759766
1.8876953
2.1289062
2.0664062
1.8642578
1.9658203
1.8486328
1.7714844
1.5566406
1.7988281
1.7080078
1.5214844
1.9609375
2.0058594
1.8408203
1.8046875
1.9833984
1.8027344
2.0429688
1.6289062
1.8339844
1.8671875
1.515625
1.7802734
1.5703125
1.828125
1.5761719
1.8398438
1.78125
1.8681641
1.7373047
1.9423828
1.7431641
1.8291016
1.4951172
1.796875
1.9375
1.7255859
1.6367188
1.4511719
1.8125
2.0351562
1.5546875
1.6337891
1.3886719
1.9101562
1.6503906
1.8212891
1.9423828
1.7353516
1.8837891
1.6044922
1.7451172
1.6533203
1.8388672
1.7011719
1.9248047
1.5820312
1.6113281
1.6552734
1.4990234
1.5244141
1.5810547
1.6708984
1.7275391
1.7998047
1.3271484
1.5791016
1.859375
1.6953125
1.5996094
1.5878906
1.9169922
1.4833984
1.7441406
1.3916016
1.5439453
1.7841797
1.5214844
1.6669922
1.6474609
1.734375
1.5791016
1.6396484
1.6308594
1.8164062
1.7578125
1.7519531
1.7158203
1.5673828
1.9326172
1.4726562
1.4707031
1.7128906
1.5048828
1.5644531
1.9472656
1.6240234
1.4980469
1.6474609
1.5761719
1.7246094
1.6875
1.5322266
1.6494141
1.4667969
1.6064453
1.8740234
1.4667969
1.4287109
1.5292969
1.6494141
1.6884766
1.6757812
1.6484375
1.5205078
1.3388672
1.4160156
1.6191406
1.3847656
1.6269531
1.4951172
1.7861328
1.4628906
1.6611328
1.3388672
1.6015625
1.4267578
1.4824219
1.4453125
1.4248047
1.3925781
1.4648438
1.4589844
1.3388672
1.3193359
1.5029297
1.5478516
1.3417969
1.7470703
1.7763672
1.4511719
1.7705078
1.2910156
1.5732422
1.4882812
1.3740234
1.6259766
1.5800781
1.5849609
1.5400391
1.6953125
1.6113281
1.4667969
1.5361328
1.5322266
1.7929688
1.6777344
1.2324219
1.4072266
1.2626953
1.6220703
1.4716797
1.4736328
1.2910156
1.5615234
1.6240234
1.3193359
1.7216797
1.4130859
1.25
1.4130859
1.65625
1.5107422
1.8867188
1.4042969
1.3779297
1.6044922
1.2275391
1.3974609
1.3642578
1.3300781
1.5058594
1.59375
1.4228516
1.3701172
1.3798828
1.6328125
1.5087891
1.4589844
1.59375
1.1328125
1.3535156
1.3740234
1.1826172
1.4501953
1.375
1.5898438
1.5771484
1.2558594
1.4521484
1.734375
1.2988281
1.4921875
1.5615234
1.2949219
1.4873047
1.3662109
1.2988281
1.3125
1.6455078
1.5761719
1.4863281
1.1748047
1.4853516
1.5683594
1.4628906
1.3925781
1.671875
1.5146484
1.6425781
1.1816406
1.3818359
1.2050781
1.2705078
1.3544922
1.6298828
1.1308594
1.5341797
1.2363281
1.3779297
1.2119141
1.4589844
1.578125
1.4853516
1.2832031
1.3212891
1.46875
1.6669922
1.4658203
1.6259766
1.3701172
1.4824219
1.5283203
1.4208984
1.3984375
1.3066406
1.4287109
1.5595703
1.4355469
1.421875
1.5732422
1.6591797
1.59375
1.4160156
1.2324219
1.2285156
1.2939453
1.2431641
1.3525391
1.2919922
1.3242188
1.4023438
1.3886719
1.5712891
1.2841797
1.5117188
1.2119141
1.3457031
1.3925781
1.5224609
1.4765625
1.5791016
1.4951172
1.5478516
1.6308594
1.4804688
1.2607422
1.5419922
1.5732422
1.3125
1.3193359
1.265625
1.46875
1.3613281
1.3222656
1.3242188
1.5273438
1.2890625
1.4716797
1.5185547
1.3867188
1.0869141
1.4619141
1.1386719
1.3623047
1.4208984
1.3691406
1.3847656
1.3505859
1.3447266
1.3183594
1.5126953
1.2255859
1.2607422
1.3466797
1.5820312
1.3183594
1.4755859
1.2822266
1.2119141
1.4921875
1.2050781
1.3613281
1.3291016
1.3535156
1.4082031
1.4072266
1.46875
1.1269531
1.1044922
1.3710938
1.3486328
1.4384766
1.1328125
1.4423828
1.2324219
1.3603516
1.1826172
1.3349609
1.5517578
1.0605469
1.4003906
1.4033203
1.2128906
1.3447266
1.2265625
1.1347656
1.2773438
1.2548828
1.2851562
1.3564453
1.0185547
1.3994141
1.0585938
1.2451172
1.2128906
1.4833984
1.2373047
1.3779297
1.1904297
1.4580078
1.3222656
1.3027344
1.3701172
1.2382812
1.3457031
1.1572266
1.4326172
1.3710938
1.3994141
0.99853516
1.2470703
1.3984375
1.5390625
1.3320312
1.0517578
1.0810547
1.28125
1.3164062
1.3271484
1.1201172
1.4228516
1.1230469
1.140625
1.0087891
1.2578125
1.1669922
1.5800781
1.5957031
1.3691406
1.4306641
1.3798828
1.203125
1.296875
1.2880859
1.4726562
1.1630859
1.25
1.2119141
1.3115234
1.1113281
1.4697266
1.2783203
1.2871094
1.4384766
1.3496094
1.6865234
1.4912109
1.1679688
1.1728516
1.4560547
1.2607422
1.3847656
1.421875
1.0273438
1.203125
1.1621094
1.1513672
1.3779297
1.2763672
1.4482422
1.2460938
1.3847656
1.2021484
1.3710938
1.3339844
1.5126953
1.109375
1.2470703
1.1259766
1.2714844
1.1611328
1.1787109
1.1425781
1.1523438
1.265625
1.2783203
0.9926758
1.1572266
1.2558594
1.3164062
1.2119141
1.1894531
1.1894531
1.2802734
1.2236328
1.2460938
1.4785156
1.2675781
1.0703125
1.1367188
1.2294922
1.2158203
1.0634766
1.2294922
1.1347656
1.3115234
1.3720703
1.2939453
1.0800781
1.2285156
1.2148438
1.2373047
1.3476562
1.1884766
1.2460938
1.2832031
1.2294922
1.4462891
1.2011719
1.5
1.1357422
1.2832031
1.4521484
1.1611328
1.1308594
1.2138672
1.3955078
1.2373047
1.1484375
1.3144531
1.3369141
1.2626953
1.2734375
1.1621094
1.1738281
1.21875
1.0615234
1.2460938
1.0693359
1.5664062
1.3701172
1.1132812
1.2509766
1.1943359
0.98046875
1.2294922
1.203125
1.203125
1.0605469
1.4746094
1.234375
1.2324219
1.2910156
1.3173828
1.4101562
1.3066406
1.0664062
1.0175781
1.0546875
1.25
1.0712891
1.2011719
1.3642578
1.3056641
1.3837891
1.5439453
1.1992188
1.1865234
1.3378906
1.2822266
1.1601562
1.3085938
1.2988281
1.2861328
1.1054688
1.3105469
0.9448242
1.1689453
1.3457031
1.0458984
1.2929688
1.2294922
1.3613281
1.2138672
1.2236328
1.1025391
1.0625
1.1337891
1.3359375
1.2333984
1.0605469
1.2607422
0.96728516
1.3037109
1.2607422
1.2011719
1.2548828
1.2490234
1.3496094
0.95703125
1.0761719
0.98779297
1.1455078
1.1650391
1.2070312
0.99365234
1.0048828
1.1806641
1.2421875
1.2294922
1.2480469
1.2148438
1.0859375
1.2753906
0.9941406
1.5048828
1.2939453
1.2011719
1.1787109
1.3564453
1.3828125
1.3701172
1.2294922
1.1582031
1.2802734
1.2714844
1.2578125
1.0742188
1.2734375
1.0947266
0.8588867
1.3359375
1.2900391
1.0966797
1.1835938
1.2919922
1.2675781
1.2802734
1.1630859
1.0976562
1.2480469
1.1669922
1.4492188
1.2373047
1.1503906
1.1650391
1.3613281
1.2304688
1.1132812
0.97021484
1.3867188
1.4394531
1.3789062
1.0869141
1.0761719
1.1367188
0.9921875
1.1523438
1.2519531
1.3027344
1.3027344
1.3242188
1.1982422
1.1875
1.3232422
1.3388672
1.2324219
1.0195312
1.1191406
1.1464844
1.2880859
0.87890625
1.0009766
1.2392578
1.3242188
1.1367188
1.0371094
1.2197266
1.0058594
0.90185547
1.0664062
1.1289062
0.98828125
1.078125
1.2353516
1.2304688
1.2011719
1.2519531
1.0683594
1.2128906
1.2617188
0.96875
1.5322266
1.1259766
1.2480469
1.0517578
0.95214844
1.2548828
1.1660156
1.3232422
1.4677734
1.0576172
1.2773438
1.15625
1.3505859
1.4042969
1.0849609
0.91552734
